<?xml version="1.0" encoding="UTF-8"?>
<!-- Generated by org.testng.reporters.JUnitXMLReporter -->
<testsuite ignored="1" hostname="Gagan" failures="0" tests="1" name="Default test" time="0.03" errors="0" timestamp="20 May 2024 07:54:56 GMT">
  <testcase classname="pac1.ContactTest" name="createContactTest" time="0.011"/>
  <testcase classname="pac1.ContactTest" name="modifyContactTest" time="0.0">
    <ignored/>
  </testcase> <!-- modifyContactTest -->
</testsuite> <!-- Default test -->
