<?xml version="1.0" encoding="UTF-8"?>
<testng-results ignored="1" total="2" passed="1" failed="0" skipped="0">
  <reporter-output>
  </reporter-output>
  <suite started-at="2024-05-20T07:54:56Z" name="Default suite" finished-at="2024-05-20T07:54:56Z" duration-ms="30">
    <groups>
    </groups>
    <test started-at="2024-05-20T07:54:56Z" name="Default test" finished-at="2024-05-20T07:54:56Z" duration-ms="30">
      <class name="pac1.ContactTest">
        <test-method signature="createContactTest()[pri:0, instance:pac1.ContactTest@1033576a]" started-at="2024-05-20T07:54:56Z" name="createContactTest" finished-at="2024-05-20T07:54:56Z" duration-ms="11" status="PASS">
          <reporter-output>
          </reporter-output>
        </test-method> <!-- createContactTest -->
      </class> <!-- pac1.ContactTest -->
    </test> <!-- Default test -->
  </suite> <!-- Default suite -->
</testng-results>
