<?xml version="1.0" encoding="UTF-8"?>
<testng-results ignored="0" total="2" passed="2" failed="0" skipped="0">
  <reporter-output>
  </reporter-output>
  <suite started-at="2024-05-15T15:09:58 IST" name="Default suite" finished-at="2024-05-15T15:09:58 IST" duration-ms="50">
    <groups>
    </groups>
    <test started-at="2024-05-15T15:09:58 IST" name="Default test" finished-at="2024-05-15T15:09:58 IST" duration-ms="50">
      <class name="pac1.OrgTest">
        <test-method signature="createOrgTest()[pri:0, instance:pac1.OrgTest@77fbd92c]" started-at="2024-05-15T15:09:58 IST" name="createOrgTest" finished-at="2024-05-15T15:09:58 IST" duration-ms="10" status="PASS">
          <reporter-output>
          </reporter-output>
        </test-method> <!-- createOrgTest -->
        <test-method signature="modifyOrgTest()[pri:0, instance:pac1.OrgTest@77fbd92c]" started-at="2024-05-15T15:09:58 IST" name="modifyOrgTest" finished-at="2024-05-15T15:09:58 IST" duration-ms="1" status="PASS">
          <reporter-output>
          </reporter-output>
        </test-method> <!-- modifyOrgTest -->
      </class> <!-- pac1.OrgTest -->
    </test> <!-- Default test -->
  </suite> <!-- Default suite -->
</testng-results>
